Build started 26/09/2014 11:59:28.
     1>Project "C:\Users\Skaar\Desktop\Rollercops\Code\SMaker\SMaker\SMaker.vcxproj" on node 2 (build target(s)).
     1>InitializeBuildStatus:
         Creating "Debug\SMaker.unsuccessfulbuild" because "AlwaysCreate" was specified.
       ClCompile:
         c:\Program Files (x86)\Microsoft Visual Studio 10.0\VC\bin\CL.exe /c /ZI /nologo /W3 /WX- /Od /Oy- /D _MBCS /Gm /EHsc /RTC1 /MDd /GS /fp:precise /Zc:wchar_t /Zc:forScope /Fo"Debug\\" /Fd"Debug\vc100.pdb" /Gd /TP /analyze- /errorReport:prompt SMaker.cpp main.cpp
         SMaker.cpp
         Generating Code...
         Skipping... (no relevant changes detected)
         main.cpp
       Link:
         c:\Program Files (x86)\Microsoft Visual Studio 10.0\VC\bin\link.exe /ERRORREPORT:PROMPT /OUT:"C:\Users\Skaar\Desktop\Rollercops\Code\SMaker\Debug\SMaker.exe" /NOLOGO kernel32.lib user32.lib gdi32.lib winspool.lib comdlg32.lib advapi32.lib shell32.lib ole32.lib oleaut32.lib uuid.lib odbc32.lib odbccp32.lib /MANIFEST /ManifestFile:"Debug\SMaker.exe.intermediate.manifest" /MANIFESTUAC:"level='asInvoker' uiAccess='false'" /DEBUG /PDB:"C:\Users\Skaar\Desktop\Rollercops\Code\SMaker\Debug\SMaker.pdb" /TLBID:1 /DYNAMICBASE /NXCOMPAT /IMPLIB:"C:\Users\Skaar\Desktop\Rollercops\Code\SMaker\Debug\SMaker.lib" /MACHINE:X86 Debug\Excpt.obj
         Debug\main.obj
         Debug\SMaker.obj
     1>LINK : warning LNK4076: invalid incremental status file 'C:\Users\Skaar\Desktop\Rollercops\Code\SMaker\Debug\SMaker.ilk' (which will be deleted); linking nonincrementally
         SMaker.vcxproj -> C:\Users\Skaar\Desktop\Rollercops\Code\SMaker\Debug\SMaker.exe
       Manifest:
         C:\Program Files (x86)\Microsoft SDKs\Windows\v7.0A\bin\mt.exe /nologo /verbose /outputresource:"C:\Users\Skaar\Desktop\Rollercops\Code\SMaker\Debug\SMaker.exe;#1" /manifest Debug\SMaker.exe.intermediate.manifest
       FinalizeBuildStatus:
         Deleting file "Debug\SMaker.unsuccessfulbuild".
         Touching "Debug\SMaker.lastbuildstate".
     1>Done Building Project "C:\Users\Skaar\Desktop\Rollercops\Code\SMaker\SMaker\SMaker.vcxproj" (build target(s)).

Build succeeded.

Time Elapsed 00:00:03.64
