Build started 21/07/2014 10:43:27.
     1>Project "C:\Users\Skaar\Desktop\Rollercops\Code\Excpt\Excpt\Excpt.vcxproj" on node 2 (build target(s)).
     1>InitializeBuildStatus:
         Creating "Debug\Excpt.unsuccessfulbuild" because "AlwaysCreate" was specified.
       ClCompile:
         C:\Program Files (x86)\Microsoft Visual Studio 10.0\VC\bin\CL.exe /c /ZI /nologo /W3 /WX- /Od /Oy- /D _MBCS /Gm /EHsc /RTC1 /MDd /GS /fp:precise /Zc:wchar_t /Zc:forScope /Fo"Debug\\" /Fd"Debug\vc100.pdb" /Gd /TP /analyze- /errorReport:prompt main.cpp
         main.cpp
       Link:
         C:\Program Files (x86)\Microsoft Visual Studio 10.0\VC\bin\link.exe /ERRORREPORT:PROMPT /OUT:"C:\Users\Skaar\Desktop\Rollercops\Code\Excpt\Debug\Excpt.exe" /NOLOGO kernel32.lib user32.lib gdi32.lib winspool.lib comdlg32.lib advapi32.lib shell32.lib ole32.lib oleaut32.lib uuid.lib odbc32.lib odbccp32.lib /MANIFEST /ManifestFile:"Debug\Excpt.exe.intermediate.manifest" /MANIFESTUAC:"level='asInvoker' uiAccess='false'" /DEBUG /PDB:"C:\Users\Skaar\Desktop\Rollercops\Code\Excpt\Debug\Excpt.pdb" /TLBID:1 /DYNAMICBASE /NXCOMPAT /IMPLIB:"C:\Users\Skaar\Desktop\Rollercops\Code\Excpt\Debug\Excpt.lib" /MACHINE:X86 Debug\Excpt.obj
         Debug\main.obj
         LINK : C:\Users\Skaar\Desktop\Rollercops\Code\Excpt\Debug\Excpt.exe not found or not built by the last incremental link; performing full link
         Excpt.vcxproj -> C:\Users\Skaar\Desktop\Rollercops\Code\Excpt\Debug\Excpt.exe
       Manifest:
         C:\Program Files (x86)\Microsoft SDKs\Windows\v7.0A\bin\mt.exe /nologo /verbose /outputresource:"C:\Users\Skaar\Desktop\Rollercops\Code\Excpt\Debug\Excpt.exe;#1" /manifest Debug\Excpt.exe.intermediate.manifest
       FinalizeBuildStatus:
         Deleting file "Debug\Excpt.unsuccessfulbuild".
         Touching "Debug\Excpt.lastbuildstate".
     1>Done Building Project "C:\Users\Skaar\Desktop\Rollercops\Code\Excpt\Excpt\Excpt.vcxproj" (build target(s)).

Build succeeded.

Time Elapsed 00:00:01.54
